[2014-05-06 14:52:46] production.ERROR: exception 'ErrorException' with message 'call_user_func_array() expects parameter 1 to be a valid callback, no array or string given' in D:\xampp\htdocs\laravel-shoppingcart\bootstrap\compiled.php:4940
Stack trace:
#0 [internal function]: Illuminate\Exception\Handler->handleError(2, 'call_user_func_...', 'D:\xampp\htdocs...', 4940, Array)
#1 D:\xampp\htdocs\laravel-shoppingcart\bootstrap\compiled.php(4940): call_user_func_array(NULL, Array)
#2 D:\xampp\htdocs\laravel-shoppingcart\bootstrap\compiled.php(4655): Illuminate\Routing\Route->run(Object(Illuminate\Http\Request))
#3 D:\xampp\htdocs\laravel-shoppingcart\bootstrap\compiled.php(4643): Illuminate\Routing\Router->dispatchToRoute(Object(Illuminate\Http\Request))
#4 D:\xampp\htdocs\laravel-shoppingcart\bootstrap\compiled.php(698): Illuminate\Routing\Router->dispatch(Object(Illuminate\Http\Request))
#5 D:\xampp\htdocs\laravel-shoppingcart\bootstrap\compiled.php(679): Illuminate\Foundation\Application->dispatch(Object(Illuminate\Http\Request))
#6 D:\xampp\htdocs\laravel-shoppingcart\bootstrap\compiled.php(1136): Illuminate\Foundation\Application->handle(Object(Illuminate\Http\Request), 1, true)
#7 D:\xampp\htdocs\laravel-shoppingcart\bootstrap\compiled.php(7218): Illuminate\Http\FrameGuard->handle(Object(Illuminate\Http\Request), 1, true)
#8 D:\xampp\htdocs\laravel-shoppingcart\bootstrap\compiled.php(7815): Illuminate\Session\Middleware->handle(Object(Illuminate\Http\Request), 1, true)
#9 D:\xampp\htdocs\laravel-shoppingcart\bootstrap\compiled.php(7762): Illuminate\Cookie\Queue->handle(Object(Illuminate\Http\Request), 1, true)
#10 D:\xampp\htdocs\laravel-shoppingcart\bootstrap\compiled.php(10768): Illuminate\Cookie\Guard->handle(Object(Illuminate\Http\Request), 1, true)
#11 D:\xampp\htdocs\laravel-shoppingcart\bootstrap\compiled.php(640): Stack\StackedHttpKernel->handle(Object(Illuminate\Http\Request))
#12 D:\xampp\htdocs\laravel-shoppingcart\index.php(49): Illuminate\Foundation\Application->run()
#13 {main} [] []
[2014-05-06 14:53:04] production.ERROR: exception 'ErrorException' with message 'call_user_func_array() expects parameter 1 to be a valid callback, no array or string given' in D:\xampp\htdocs\laravel-shoppingcart\bootstrap\compiled.php:4940
Stack trace:
#0 [internal function]: Illuminate\Exception\Handler->handleError(2, 'call_user_func_...', 'D:\xampp\htdocs...', 4940, Array)
#1 D:\xampp\htdocs\laravel-shoppingcart\bootstrap\compiled.php(4940): call_user_func_array(NULL, Array)
#2 D:\xampp\htdocs\laravel-shoppingcart\bootstrap\compiled.php(4655): Illuminate\Routing\Route->run(Object(Illuminate\Http\Request))
#3 D:\xampp\htdocs\laravel-shoppingcart\bootstrap\compiled.php(4643): Illuminate\Routing\Router->dispatchToRoute(Object(Illuminate\Http\Request))
#4 D:\xampp\htdocs\laravel-shoppingcart\bootstrap\compiled.php(698): Illuminate\Routing\Router->dispatch(Object(Illuminate\Http\Request))
#5 D:\xampp\htdocs\laravel-shoppingcart\bootstrap\compiled.php(679): Illuminate\Foundation\Application->dispatch(Object(Illuminate\Http\Request))
#6 D:\xampp\htdocs\laravel-shoppingcart\bootstrap\compiled.php(1136): Illuminate\Foundation\Application->handle(Object(Illuminate\Http\Request), 1, true)
#7 D:\xampp\htdocs\laravel-shoppingcart\bootstrap\compiled.php(7218): Illuminate\Http\FrameGuard->handle(Object(Illuminate\Http\Request), 1, true)
#8 D:\xampp\htdocs\laravel-shoppingcart\bootstrap\compiled.php(7815): Illuminate\Session\Middleware->handle(Object(Illuminate\Http\Request), 1, true)
#9 D:\xampp\htdocs\laravel-shoppingcart\bootstrap\compiled.php(7762): Illuminate\Cookie\Queue->handle(Object(Illuminate\Http\Request), 1, true)
#10 D:\xampp\htdocs\laravel-shoppingcart\bootstrap\compiled.php(10768): Illuminate\Cookie\Guard->handle(Object(Illuminate\Http\Request), 1, true)
#11 D:\xampp\htdocs\laravel-shoppingcart\bootstrap\compiled.php(640): Stack\StackedHttpKernel->handle(Object(Illuminate\Http\Request))
#12 D:\xampp\htdocs\laravel-shoppingcart\index.php(49): Illuminate\Foundation\Application->run()
#13 {main} [] []
[2014-05-06 14:53:26] production.ERROR: exception 'ErrorException' with message 'call_user_func_array() expects parameter 1 to be a valid callback, no array or string given' in D:\xampp\htdocs\laravel-shoppingcart\bootstrap\compiled.php:4940
Stack trace:
#0 [internal function]: Illuminate\Exception\Handler->handleError(2, 'call_user_func_...', 'D:\xampp\htdocs...', 4940, Array)
#1 D:\xampp\htdocs\laravel-shoppingcart\bootstrap\compiled.php(4940): call_user_func_array(NULL, Array)
#2 D:\xampp\htdocs\laravel-shoppingcart\bootstrap\compiled.php(4655): Illuminate\Routing\Route->run(Object(Illuminate\Http\Request))
#3 D:\xampp\htdocs\laravel-shoppingcart\bootstrap\compiled.php(4643): Illuminate\Routing\Router->dispatchToRoute(Object(Illuminate\Http\Request))
#4 D:\xampp\htdocs\laravel-shoppingcart\bootstrap\compiled.php(698): Illuminate\Routing\Router->dispatch(Object(Illuminate\Http\Request))
#5 D:\xampp\htdocs\laravel-shoppingcart\bootstrap\compiled.php(679): Illuminate\Foundation\Application->dispatch(Object(Illuminate\Http\Request))
#6 D:\xampp\htdocs\laravel-shoppingcart\bootstrap\compiled.php(1136): Illuminate\Foundation\Application->handle(Object(Illuminate\Http\Request), 1, true)
#7 D:\xampp\htdocs\laravel-shoppingcart\bootstrap\compiled.php(7218): Illuminate\Http\FrameGuard->handle(Object(Illuminate\Http\Request), 1, true)
#8 D:\xampp\htdocs\laravel-shoppingcart\bootstrap\compiled.php(7815): Illuminate\Session\Middleware->handle(Object(Illuminate\Http\Request), 1, true)
#9 D:\xampp\htdocs\laravel-shoppingcart\bootstrap\compiled.php(7762): Illuminate\Cookie\Queue->handle(Object(Illuminate\Http\Request), 1, true)
#10 D:\xampp\htdocs\laravel-shoppingcart\bootstrap\compiled.php(10768): Illuminate\Cookie\Guard->handle(Object(Illuminate\Http\Request), 1, true)
#11 D:\xampp\htdocs\laravel-shoppingcart\bootstrap\compiled.php(640): Stack\StackedHttpKernel->handle(Object(Illuminate\Http\Request))
#12 D:\xampp\htdocs\laravel-shoppingcart\index.php(49): Illuminate\Foundation\Application->run()
#13 {main} [] []
[2014-05-06 14:53:28] production.ERROR: exception 'ErrorException' with message 'call_user_func_array() expects parameter 1 to be a valid callback, no array or string given' in D:\xampp\htdocs\laravel-shoppingcart\bootstrap\compiled.php:4940
Stack trace:
#0 [internal function]: Illuminate\Exception\Handler->handleError(2, 'call_user_func_...', 'D:\xampp\htdocs...', 4940, Array)
#1 D:\xampp\htdocs\laravel-shoppingcart\bootstrap\compiled.php(4940): call_user_func_array(NULL, Array)
#2 D:\xampp\htdocs\laravel-shoppingcart\bootstrap\compiled.php(4655): Illuminate\Routing\Route->run(Object(Illuminate\Http\Request))
#3 D:\xampp\htdocs\laravel-shoppingcart\bootstrap\compiled.php(4643): Illuminate\Routing\Router->dispatchToRoute(Object(Illuminate\Http\Request))
#4 D:\xampp\htdocs\laravel-shoppingcart\bootstrap\compiled.php(698): Illuminate\Routing\Router->dispatch(Object(Illuminate\Http\Request))
#5 D:\xampp\htdocs\laravel-shoppingcart\bootstrap\compiled.php(679): Illuminate\Foundation\Application->dispatch(Object(Illuminate\Http\Request))
#6 D:\xampp\htdocs\laravel-shoppingcart\bootstrap\compiled.php(1136): Illuminate\Foundation\Application->handle(Object(Illuminate\Http\Request), 1, true)
#7 D:\xampp\htdocs\laravel-shoppingcart\bootstrap\compiled.php(7218): Illuminate\Http\FrameGuard->handle(Object(Illuminate\Http\Request), 1, true)
#8 D:\xampp\htdocs\laravel-shoppingcart\bootstrap\compiled.php(7815): Illuminate\Session\Middleware->handle(Object(Illuminate\Http\Request), 1, true)
#9 D:\xampp\htdocs\laravel-shoppingcart\bootstrap\compiled.php(7762): Illuminate\Cookie\Queue->handle(Object(Illuminate\Http\Request), 1, true)
#10 D:\xampp\htdocs\laravel-shoppingcart\bootstrap\compiled.php(10768): Illuminate\Cookie\Guard->handle(Object(Illuminate\Http\Request), 1, true)
#11 D:\xampp\htdocs\laravel-shoppingcart\bootstrap\compiled.php(640): Stack\StackedHttpKernel->handle(Object(Illuminate\Http\Request))
#12 D:\xampp\htdocs\laravel-shoppingcart\index.php(49): Illuminate\Foundation\Application->run()
#13 {main} [] []
[2014-05-06 14:53:56] production.ERROR: exception 'ErrorException' with message 'Missing argument 1 for Creolab\LaravelModules\Module::{closure}()' in D:\xampp\htdocs\laravel-shoppingcart\app\modules\admin\routes.php:5
Stack trace:
#0 D:\xampp\htdocs\laravel-shoppingcart\app\modules\admin\routes.php(5): Illuminate\Exception\Handler->handleError(2, 'Missing argumen...', 'D:\xampp\htdocs...', 5, Array)
#1 [internal function]: Creolab\LaravelModules\Module->{closure}()
#2 D:\xampp\htdocs\laravel-shoppingcart\bootstrap\compiled.php(4940): call_user_func_array(Object(Closure), Array)
#3 D:\xampp\htdocs\laravel-shoppingcart\bootstrap\compiled.php(4655): Illuminate\Routing\Route->run(Object(Illuminate\Http\Request))
#4 D:\xampp\htdocs\laravel-shoppingcart\bootstrap\compiled.php(4643): Illuminate\Routing\Router->dispatchToRoute(Object(Illuminate\Http\Request))
#5 D:\xampp\htdocs\laravel-shoppingcart\bootstrap\compiled.php(698): Illuminate\Routing\Router->dispatch(Object(Illuminate\Http\Request))
#6 D:\xampp\htdocs\laravel-shoppingcart\bootstrap\compiled.php(679): Illuminate\Foundation\Application->dispatch(Object(Illuminate\Http\Request))
#7 D:\xampp\htdocs\laravel-shoppingcart\bootstrap\compiled.php(1136): Illuminate\Foundation\Application->handle(Object(Illuminate\Http\Request), 1, true)
#8 D:\xampp\htdocs\laravel-shoppingcart\bootstrap\compiled.php(7218): Illuminate\Http\FrameGuard->handle(Object(Illuminate\Http\Request), 1, true)
#9 D:\xampp\htdocs\laravel-shoppingcart\bootstrap\compiled.php(7815): Illuminate\Session\Middleware->handle(Object(Illuminate\Http\Request), 1, true)
#10 D:\xampp\htdocs\laravel-shoppingcart\bootstrap\compiled.php(7762): Illuminate\Cookie\Queue->handle(Object(Illuminate\Http\Request), 1, true)
#11 D:\xampp\htdocs\laravel-shoppingcart\bootstrap\compiled.php(10768): Illuminate\Cookie\Guard->handle(Object(Illuminate\Http\Request), 1, true)
#12 D:\xampp\htdocs\laravel-shoppingcart\bootstrap\compiled.php(640): Stack\StackedHttpKernel->handle(Object(Illuminate\Http\Request))
#13 D:\xampp\htdocs\laravel-shoppingcart\index.php(49): Illuminate\Foundation\Application->run()
#14 {main} [] []
[2014-05-06 14:57:12] production.ERROR: exception 'ErrorException' with message 'Missing argument 1 for App\Modules\Admin\Controllers\UsersController::edit()' in D:\xampp\htdocs\laravel-shoppingcart\app\modules\admin\controllers\UsersController.php:19
Stack trace:
#0 D:\xampp\htdocs\laravel-shoppingcart\app\modules\admin\controllers\UsersController.php(19): Illuminate\Exception\Handler->handleError(2, 'Missing argumen...', 'D:\xampp\htdocs...', 19, Array)
#1 [internal function]: App\Modules\Admin\Controllers\UsersController->edit()
#2 D:\xampp\htdocs\laravel-shoppingcart\vendor\laravel\framework\src\Illuminate\Routing\Controller.php(231): call_user_func_array(Array, Array)
#3 D:\xampp\htdocs\laravel-shoppingcart\bootstrap\compiled.php(5374): Illuminate\Routing\Controller->callAction('edit', Array)
#4 D:\xampp\htdocs\laravel-shoppingcart\bootstrap\compiled.php(5362): Illuminate\Routing\ControllerDispatcher->call(Object(App\Modules\Admin\Controllers\UsersController), Object(Illuminate\Routing\Route), 'edit')
#5 D:\xampp\htdocs\laravel-shoppingcart\bootstrap\compiled.php(4630): Illuminate\Routing\ControllerDispatcher->dispatch(Object(Illuminate\Routing\Route), Object(Illuminate\Http\Request), 'App\Modules\Adm...', 'edit')
#6 [internal function]: Illuminate\Routing\Router->Illuminate\Routing\{closure}()
#7 D:\xampp\htdocs\laravel-shoppingcart\bootstrap\compiled.php(4940): call_user_func_array(Object(Closure), Array)
#8 D:\xampp\htdocs\laravel-shoppingcart\bootstrap\compiled.php(4655): Illuminate\Routing\Route->run(Object(Illuminate\Http\Request))
#9 D:\xampp\htdocs\laravel-shoppingcart\bootstrap\compiled.php(4643): Illuminate\Routing\Router->dispatchToRoute(Object(Illuminate\Http\Request))
#10 D:\xampp\htdocs\laravel-shoppingcart\bootstrap\compiled.php(698): Illuminate\Routing\Router->dispatch(Object(Illuminate\Http\Request))
#11 D:\xampp\htdocs\laravel-shoppingcart\bootstrap\compiled.php(679): Illuminate\Foundation\Application->dispatch(Object(Illuminate\Http\Request))
#12 D:\xampp\htdocs\laravel-shoppingcart\bootstrap\compiled.php(1136): Illuminate\Foundation\Application->handle(Object(Illuminate\Http\Request), 1, true)
#13 D:\xampp\htdocs\laravel-shoppingcart\bootstrap\compiled.php(7218): Illuminate\Http\FrameGuard->handle(Object(Illuminate\Http\Request), 1, true)
#14 D:\xampp\htdocs\laravel-shoppingcart\bootstrap\compiled.php(7815): Illuminate\Session\Middleware->handle(Object(Illuminate\Http\Request), 1, true)
#15 D:\xampp\htdocs\laravel-shoppingcart\bootstrap\compiled.php(7762): Illuminate\Cookie\Queue->handle(Object(Illuminate\Http\Request), 1, true)
#16 D:\xampp\htdocs\laravel-shoppingcart\bootstrap\compiled.php(10768): Illuminate\Cookie\Guard->handle(Object(Illuminate\Http\Request), 1, true)
#17 D:\xampp\htdocs\laravel-shoppingcart\bootstrap\compiled.php(640): Stack\StackedHttpKernel->handle(Object(Illuminate\Http\Request))
#18 D:\xampp\htdocs\laravel-shoppingcart\index.php(49): Illuminate\Foundation\Application->run()
#19 {main} [] []
